{
  "RSpec": {
    "coverage": {
      "/home/cremz/projects/fyber/helpers/application_helper.rb": [
        1,
        null,
        null,
        1,
        null,
        1,
        null,
        1,
        3,
        12,
        null,
        null,
        null,
        1,
        null
      ],
      "/home/cremz/projects/fyber/app.rb": [
        1,
        1,
        1,
        1,
        1,
        1,
        1,
        1,
        1,
        1,
        null,
        null,
        1,
        null,
        null,
        1,
        1,
        1,
        null,
        1,
        1,
        null,
        null,
        1,
        null,
        null,
        1,
        null,
        30,
        3,
        null,
        null,
        null,
        1,
        3,
        3,
        3,
        3,
        null,
        null,
        null,
        1,
        4,
        null,
        null,
        null,
        1,
        2,
        null,
        null,
        null,
        1,
        null,
        5,
        1,
        null,
        null,
        null,
        4,
        1,
        1,
        null,
        null,
        null,
        3,
        null,
        null,
        null,
        null,
        null,
        null,
        null,
        null,
        null,
        null,
        3,
        null,
        null,
        3,
        null,
        3,
        3,
        null,
        null
      ]
    },
    "timestamp": 1437756711
  }
}
