{
  "RSpec": {
    "coverage": {
      "/home/cremz/projects/fyber/helpers/application_helper.rb": [
        1,
        null,
        null,
        1,
        null,
        1,
        1,
        1,
        4,
        null,
        null,
        null,
        1,
        null
      ],
      "/home/cremz/projects/fyber/app.rb": [
        1,
        1,
        1,
        1,
        1,
        1,
        1,
        1,
        1,
        1,
        1,
        null,
        null,
        1,
        null,
        null,
        1,
        1,
        1,
        null,
        1,
        1,
        null,
        1,
        null,
        1,
        null,
        10,
        1,
        null,
        null,
        1,
        1,
        1,
        1,
        1,
        null,
        null,
        1,
        2,
        null,
        null,
        1,
        3,
        1,
        null,
        null,
        6,
        1,
        null,
        1,
        null,
        null,
        null,
        null,
        null,
        null,
        null,
        null,
        null,
        1,
        null,
        1,
        null,
        1,
        1,
        null,
        null
      ]
    },
    "timestamp": 1437685569
  }
}
